<?xml version="1.0" encoding="UTF-8"?>
<coverage generated="1767853394760" clover="3.2.0">
  <project timestamp="1767853394760" name="All files">
    <metrics statements="76" coveredstatements="65" conditionals="36" coveredconditionals="29" methods="16" coveredmethods="14" elements="128" coveredelements="108" complexity="0" loc="76" ncloc="76" packages="1" files="1" classes="1"/>
    <file name="gateway.js" path="/home/runner/work/Broken_vowels/Broken_vowels/src/gateway.js">
      <metrics statements="76" coveredstatements="65" conditionals="36" coveredconditionals="29" methods="16" coveredmethods="14"/>
      <line num="11" count="9" type="stmt"/>
      <line num="12" count="9" type="stmt"/>
      <line num="13" count="9" type="stmt"/>
      <line num="15" count="9" type="stmt"/>
      <line num="16" count="9" type="stmt"/>
      <line num="19" count="9" type="cond" truecount="2" falsecount="0"/>
      <line num="20" count="9" type="stmt"/>
      <line num="21" count="9" type="cond" truecount="2" falsecount="0"/>
      <line num="22" count="9" type="cond" truecount="2" falsecount="0"/>
      <line num="25" count="9" type="cond" truecount="2" falsecount="0"/>
      <line num="32" count="9" type="stmt"/>
      <line num="33" count="1" type="stmt"/>
      <line num="39" count="9" type="stmt"/>
      <line num="40" count="1" type="stmt"/>
      <line num="57" count="9" type="stmt"/>
      <line num="58" count="6" type="stmt"/>
      <line num="59" count="6" type="cond" truecount="2" falsecount="0"/>
      <line num="60" count="1" type="stmt"/>
      <line num="68" count="5" type="stmt"/>
      <line num="71" count="5" type="cond" truecount="2" falsecount="0"/>
      <line num="73" count="5" type="stmt"/>
      <line num="80" count="5" type="cond" truecount="2" falsecount="0"/>
      <line num="81" count="1" type="stmt"/>
      <line num="85" count="4" type="stmt"/>
      <line num="86" count="3" type="stmt"/>
      <line num="89" count="1" type="stmt"/>
      <line num="90" count="1" type="stmt"/>
      <line num="102" count="9" type="stmt"/>
      <line num="103" count="2" type="stmt"/>
      <line num="104" count="2" type="cond" truecount="2" falsecount="0"/>
      <line num="105" count="1" type="stmt"/>
      <line num="113" count="1" type="stmt"/>
      <line num="116" count="1" type="cond" truecount="1" falsecount="1"/>
      <line num="118" count="1" type="stmt"/>
      <line num="124" count="1" type="stmt"/>
      <line num="125" count="1" type="stmt"/>
      <line num="128" count="0" type="stmt"/>
      <line num="129" count="0" type="stmt"/>
      <line num="142" count="8" type="stmt"/>
      <line num="148" count="8" type="cond" truecount="4" falsecount="0"/>
      <line num="150" count="1" type="stmt"/>
      <line num="160" count="7" type="stmt"/>
      <line num="167" count="5" type="stmt"/>
      <line num="168" count="5" type="stmt"/>
      <line num="169" count="5" type="stmt"/>
      <line num="180" count="5" type="stmt"/>
      <line num="181" count="4" type="stmt"/>
      <line num="182" count="4" type="stmt"/>
      <line num="183" count="4" type="stmt"/>
      <line num="184" count="4" type="stmt"/>
      <line num="185" count="4" type="stmt"/>
      <line num="187" count="0" type="stmt"/>
      <line num="192" count="5" type="stmt"/>
      <line num="193" count="5" type="stmt"/>
      <line num="194" count="5" type="stmt"/>
      <line num="202" count="1" type="stmt"/>
      <line num="203" count="1" type="stmt"/>
      <line num="214" count="1" type="stmt"/>
      <line num="215" count="1" type="stmt"/>
      <line num="216" count="1" type="stmt"/>
      <line num="218" count="1" type="stmt"/>
      <line num="219" count="1" type="stmt"/>
      <line num="220" count="1" type="stmt"/>
      <line num="223" count="1" type="stmt"/>
      <line num="224" count="0" type="stmt"/>
      <line num="225" count="0" type="stmt"/>
      <line num="226" count="0" type="stmt"/>
      <line num="229" count="1" type="stmt"/>
      <line num="230" count="1" type="stmt"/>
      <line num="234" count="9" type="cond" truecount="1" falsecount="1"/>
      <line num="235" count="0" type="stmt"/>
      <line num="236" count="0" type="stmt"/>
      <line num="237" count="0" type="stmt"/>
      <line num="238" count="0" type="stmt"/>
      <line num="239" count="0" type="stmt"/>
      <line num="243" count="9" type="stmt"/>
    </file>
  </project>
</coverage>
