{"/home/runner/work/Broken_vowels/Broken_vowels/src/gateway.js": {"path":"/home/runner/work/Broken_vowels/Broken_vowels/src/gateway.js","statementMap":{"0":{"start":{"line":11,"column":0},"end":{"line":11,"column":27}},"1":{"start":{"line":12,"column":16},"end":{"line":12,"column":34}},"2":{"start":{"line":13,"column":14},"end":{"line":13,"column":30}},"3":{"start":{"line":15,"column":12},"end":{"line":15,"column":21}},"4":{"start":{"line":16,"column":0},"end":{"line":16,"column":41}},"5":{"start":{"line":19,"column":13},"end":{"line":19,"column":45}},"6":{"start":{"line":20,"column":23},"end":{"line":20,"column":49}},"7":{"start":{"line":21,"column":24},"end":{"line":21,"column":79}},"8":{"start":{"line":22,"column":22},"end":{"line":22,"column":58}},"9":{"start":{"line":25,"column":23},"end":{"line":27,"column":86}},"10":{"start":{"line":32,"column":0},"end":{"line":34,"column":3}},"11":{"start":{"line":33,"column":2},"end":{"line":33,"column":64}},"12":{"start":{"line":39,"column":0},"end":{"line":51,"column":3}},"13":{"start":{"line":40,"column":2},"end":{"line":50,"column":5}},"14":{"start":{"line":57,"column":0},"end":{"line":97,"column":3}},"15":{"start":{"line":58,"column":2},"end":{"line":96,"column":3}},"16":{"start":{"line":59,"column":4},"end":{"line":66,"column":5}},"17":{"start":{"line":60,"column":6},"end":{"line":65,"column":9}},"18":{"start":{"line":68,"column":24},"end":{"line":68,"column":32}},"19":{"start":{"line":71,"column":29},"end":{"line":71,"column":76}},"20":{"start":{"line":73,"column":28},"end":{"line":77,"column":5}},"21":{"start":{"line":80,"column":4},"end":{"line":82,"column":5}},"22":{"start":{"line":81,"column":6},"end":{"line":81,"column":63}},"23":{"start":{"line":85,"column":21},"end":{"line":85,"column":83}},"24":{"start":{"line":86,"column":4},"end":{"line":86,"column":23}},"25":{"start":{"line":89,"column":4},"end":{"line":89,"column":62}},"26":{"start":{"line":90,"column":4},"end":{"line":95,"column":7}},"27":{"start":{"line":102,"column":0},"end":{"line":136,"column":3}},"28":{"start":{"line":103,"column":2},"end":{"line":135,"column":3}},"29":{"start":{"line":104,"column":4},"end":{"line":111,"column":5}},"30":{"start":{"line":105,"column":6},"end":{"line":110,"column":9}},"31":{"start":{"line":113,"column":24},"end":{"line":113,"column":32}},"32":{"start":{"line":116,"column":27},"end":{"line":116,"column":77}},"33":{"start":{"line":118,"column":28},"end":{"line":122,"column":5}},"34":{"start":{"line":124,"column":21},"end":{"line":124,"column":78}},"35":{"start":{"line":125,"column":4},"end":{"line":125,"column":23}},"36":{"start":{"line":128,"column":4},"end":{"line":128,"column":62}},"37":{"start":{"line":129,"column":4},"end":{"line":134,"column":7}},"38":{"start":{"line":142,"column":31},"end":{"line":145,"column":3}},"39":{"start":{"line":148,"column":2},"end":{"line":157,"column":3}},"40":{"start":{"line":150,"column":4},"end":{"line":156,"column":6}},"41":{"start":{"line":160,"column":2},"end":{"line":160,"column":45}},"42":{"start":{"line":167,"column":2},"end":{"line":195,"column":5}},"43":{"start":{"line":168,"column":16},"end":{"line":168,"column":40}},"44":{"start":{"line":169,"column":20},"end":{"line":178,"column":5}},"45":{"start":{"line":180,"column":16},"end":{"line":190,"column":6}},"46":{"start":{"line":181,"column":17},"end":{"line":181,"column":19}},"47":{"start":{"line":182,"column":6},"end":{"line":182,"column":45}},"48":{"start":{"line":182,"column":30},"end":{"line":182,"column":43}},"49":{"start":{"line":183,"column":6},"end":{"line":189,"column":9}},"50":{"start":{"line":184,"column":8},"end":{"line":188,"column":9}},"51":{"start":{"line":185,"column":10},"end":{"line":185,"column":36}},"52":{"start":{"line":187,"column":10},"end":{"line":187,"column":63}},"53":{"start":{"line":192,"column":4},"end":{"line":192,"column":28}},"54":{"start":{"line":193,"column":4},"end":{"line":193,"column":36}},"55":{"start":{"line":194,"column":4},"end":{"line":194,"column":14}},"56":{"start":{"line":202,"column":14},"end":{"line":202,"column":38}},"57":{"start":{"line":203,"column":18},"end":{"line":212,"column":3}},"58":{"start":{"line":214,"column":2},"end":{"line":214,"column":53}},"59":{"start":{"line":215,"column":2},"end":{"line":215,"column":45}},"60":{"start":{"line":216,"column":2},"end":{"line":216,"column":44}},"61":{"start":{"line":218,"column":19},"end":{"line":221,"column":4}},"62":{"start":{"line":219,"column":4},"end":{"line":219,"column":51}},"63":{"start":{"line":219,"column":33},"end":{"line":219,"column":49}},"64":{"start":{"line":220,"column":4},"end":{"line":220,"column":40}},"65":{"start":{"line":220,"column":29},"end":{"line":220,"column":38}},"66":{"start":{"line":223,"column":2},"end":{"line":227,"column":5}},"67":{"start":{"line":224,"column":4},"end":{"line":224,"column":53}},"68":{"start":{"line":225,"column":4},"end":{"line":225,"column":71}},"69":{"start":{"line":226,"column":4},"end":{"line":226,"column":14}},"70":{"start":{"line":229,"column":2},"end":{"line":229,"column":50}},"71":{"start":{"line":230,"column":2},"end":{"line":230,"column":17}},"72":{"start":{"line":234,"column":0},"end":{"line":241,"column":1}},"73":{"start":{"line":235,"column":2},"end":{"line":240,"column":5}},"74":{"start":{"line":236,"column":4},"end":{"line":236,"column":55}},"75":{"start":{"line":237,"column":4},"end":{"line":237,"column":55}},"76":{"start":{"line":238,"column":4},"end":{"line":238,"column":51}},"77":{"start":{"line":239,"column":4},"end":{"line":239,"column":73}},"78":{"start":{"line":243,"column":0},"end":{"line":243,"column":46}}},"fnMap":{"0":{"name":"(anonymous_0)","decl":{"start":{"line":32,"column":19},"end":{"line":32,"column":20}},"loc":{"start":{"line":32,"column":33},"end":{"line":34,"column":1}},"line":32},"1":{"name":"(anonymous_1)","decl":{"start":{"line":39,"column":22},"end":{"line":39,"column":23}},"loc":{"start":{"line":39,"column":36},"end":{"line":51,"column":1}},"line":39},"2":{"name":"(anonymous_2)","decl":{"start":{"line":57,"column":33},"end":{"line":57,"column":34}},"loc":{"start":{"line":57,"column":53},"end":{"line":97,"column":1}},"line":57},"3":{"name":"(anonymous_3)","decl":{"start":{"line":102,"column":28},"end":{"line":102,"column":29}},"loc":{"start":{"line":102,"column":48},"end":{"line":136,"column":1}},"line":102},"4":{"name":"injectCoreDirective","decl":{"start":{"line":141,"column":9},"end":{"line":141,"column":28}},"loc":{"start":{"line":141,"column":39},"end":{"line":161,"column":1}},"line":141},"5":{"name":"forwardToOpenAI","decl":{"start":{"line":166,"column":9},"end":{"line":166,"column":24}},"loc":{"start":{"line":166,"column":41},"end":{"line":196,"column":1}},"line":166},"6":{"name":"(anonymous_6)","decl":{"start":{"line":167,"column":21},"end":{"line":167,"column":22}},"loc":{"start":{"line":167,"column":42},"end":{"line":195,"column":3}},"line":167},"7":{"name":"(anonymous_7)","decl":{"start":{"line":180,"column":39},"end":{"line":180,"column":40}},"loc":{"start":{"line":180,"column":48},"end":{"line":190,"column":5}},"line":180},"8":{"name":"(anonymous_8)","decl":{"start":{"line":182,"column":21},"end":{"line":182,"column":22}},"loc":{"start":{"line":182,"column":30},"end":{"line":182,"column":43}},"line":182},"9":{"name":"(anonymous_9)","decl":{"start":{"line":183,"column":20},"end":{"line":183,"column":21}},"loc":{"start":{"line":183,"column":26},"end":{"line":189,"column":7}},"line":183},"10":{"name":"handleStreamingRequest","decl":{"start":{"line":201,"column":9},"end":{"line":201,"column":31}},"loc":{"start":{"line":201,"column":59},"end":{"line":231,"column":1}},"line":201},"11":{"name":"(anonymous_11)","decl":{"start":{"line":218,"column":42},"end":{"line":218,"column":43}},"loc":{"start":{"line":218,"column":56},"end":{"line":221,"column":3}},"line":218},"12":{"name":"(anonymous_12)","decl":{"start":{"line":219,"column":24},"end":{"line":219,"column":25}},"loc":{"start":{"line":219,"column":33},"end":{"line":219,"column":49}},"line":219},"13":{"name":"(anonymous_13)","decl":{"start":{"line":220,"column":23},"end":{"line":220,"column":24}},"loc":{"start":{"line":220,"column":29},"end":{"line":220,"column":38}},"line":220},"14":{"name":"(anonymous_14)","decl":{"start":{"line":223,"column":23},"end":{"line":223,"column":24}},"loc":{"start":{"line":223,"column":34},"end":{"line":227,"column":3}},"line":223},"15":{"name":"(anonymous_15)","decl":{"start":{"line":235,"column":19},"end":{"line":235,"column":20}},"loc":{"start":{"line":235,"column":25},"end":{"line":240,"column":3}},"line":235}},"branchMap":{"0":{"loc":{"start":{"line":19,"column":13},"end":{"line":19,"column":45}},"type":"binary-expr","locations":[{"start":{"line":19,"column":13},"end":{"line":19,"column":37}},{"start":{"line":19,"column":41},"end":{"line":19,"column":45}}],"line":19},"1":{"loc":{"start":{"line":21,"column":24},"end":{"line":21,"column":79}},"type":"binary-expr","locations":[{"start":{"line":21,"column":24},"end":{"line":21,"column":51}},{"start":{"line":21,"column":55},"end":{"line":21,"column":79}}],"line":21},"2":{"loc":{"start":{"line":22,"column":22},"end":{"line":22,"column":58}},"type":"binary-expr","locations":[{"start":{"line":22,"column":22},"end":{"line":22,"column":47}},{"start":{"line":22,"column":51},"end":{"line":22,"column":58}}],"line":22},"3":{"loc":{"start":{"line":25,"column":23},"end":{"line":27,"column":86}},"type":"binary-expr","locations":[{"start":{"line":25,"column":23},"end":{"line":25,"column":49}},{"start":{"line":25,"column":53},"end":{"line":27,"column":86}}],"line":25},"4":{"loc":{"start":{"line":59,"column":4},"end":{"line":66,"column":5}},"type":"if","locations":[{"start":{"line":59,"column":4},"end":{"line":66,"column":5}},{"start":{},"end":{}}],"line":59},"5":{"loc":{"start":{"line":71,"column":49},"end":{"line":71,"column":75}},"type":"binary-expr","locations":[{"start":{"line":71,"column":49},"end":{"line":71,"column":69}},{"start":{"line":71,"column":73},"end":{"line":71,"column":75}}],"line":71},"6":{"loc":{"start":{"line":76,"column":13},"end":{"line":76,"column":47}},"type":"binary-expr","locations":[{"start":{"line":76,"column":13},"end":{"line":76,"column":30}},{"start":{"line":76,"column":34},"end":{"line":76,"column":47}}],"line":76},"7":{"loc":{"start":{"line":80,"column":4},"end":{"line":82,"column":5}},"type":"if","locations":[{"start":{"line":80,"column":4},"end":{"line":82,"column":5}},{"start":{},"end":{}}],"line":80},"8":{"loc":{"start":{"line":92,"column":17},"end":{"line":92,"column":57}},"type":"binary-expr","locations":[{"start":{"line":92,"column":17},"end":{"line":92,"column":30}},{"start":{"line":92,"column":34},"end":{"line":92,"column":57}}],"line":92},"9":{"loc":{"start":{"line":104,"column":4},"end":{"line":111,"column":5}},"type":"if","locations":[{"start":{"line":104,"column":4},"end":{"line":111,"column":5}},{"start":{},"end":{}}],"line":104},"10":{"loc":{"start":{"line":116,"column":51},"end":{"line":116,"column":75}},"type":"binary-expr","locations":[{"start":{"line":116,"column":51},"end":{"line":116,"column":69}},{"start":{"line":116,"column":73},"end":{"line":116,"column":75}}],"line":116},"11":{"loc":{"start":{"line":121,"column":13},"end":{"line":121,"column":47}},"type":"binary-expr","locations":[{"start":{"line":121,"column":13},"end":{"line":121,"column":30}},{"start":{"line":121,"column":34},"end":{"line":121,"column":47}}],"line":121},"12":{"loc":{"start":{"line":131,"column":17},"end":{"line":131,"column":57}},"type":"binary-expr","locations":[{"start":{"line":131,"column":17},"end":{"line":131,"column":30}},{"start":{"line":131,"column":34},"end":{"line":131,"column":57}}],"line":131},"13":{"loc":{"start":{"line":148,"column":2},"end":{"line":157,"column":3}},"type":"if","locations":[{"start":{"line":148,"column":2},"end":{"line":157,"column":3}},{"start":{},"end":{}}],"line":148},"14":{"loc":{"start":{"line":148,"column":6},"end":{"line":148,"column":58}},"type":"binary-expr","locations":[{"start":{"line":148,"column":6},"end":{"line":148,"column":25}},{"start":{"line":148,"column":29},"end":{"line":148,"column":58}}],"line":148},"15":{"loc":{"start":{"line":171,"column":12},"end":{"line":171,"column":27}},"type":"binary-expr","locations":[{"start":{"line":171,"column":12},"end":{"line":171,"column":20}},{"start":{"line":171,"column":24},"end":{"line":171,"column":27}}],"line":171},"16":{"loc":{"start":{"line":205,"column":10},"end":{"line":205,"column":25}},"type":"binary-expr","locations":[{"start":{"line":205,"column":10},"end":{"line":205,"column":18}},{"start":{"line":205,"column":22},"end":{"line":205,"column":25}}],"line":205},"17":{"loc":{"start":{"line":234,"column":0},"end":{"line":241,"column":1}},"type":"if","locations":[{"start":{"line":234,"column":0},"end":{"line":241,"column":1}},{"start":{},"end":{}}],"line":234}},"s":{"0":9,"1":9,"2":9,"3":9,"4":9,"5":9,"6":9,"7":9,"8":9,"9":9,"10":9,"11":1,"12":9,"13":1,"14":9,"15":6,"16":6,"17":1,"18":5,"19":5,"20":5,"21":5,"22":1,"23":4,"24":3,"25":1,"26":1,"27":9,"28":2,"29":2,"30":1,"31":1,"32":1,"33":1,"34":1,"35":1,"36":0,"37":0,"38":8,"39":8,"40":1,"41":7,"42":5,"43":5,"44":5,"45":5,"46":4,"47":4,"48":4,"49":4,"50":4,"51":4,"52":0,"53":5,"54":5,"55":5,"56":1,"57":1,"58":1,"59":1,"60":1,"61":1,"62":1,"63":1,"64":1,"65":1,"66":1,"67":0,"68":0,"69":0,"70":1,"71":1,"72":9,"73":0,"74":0,"75":0,"76":0,"77":0,"78":9},"f":{"0":1,"1":1,"2":6,"3":2,"4":8,"5":5,"6":5,"7":4,"8":4,"9":4,"10":1,"11":1,"12":1,"13":1,"14":0,"15":0},"b":{"0":[9,9],"1":[9,9],"2":[9,9],"3":[9,9],"4":[1,5],"5":[5,1],"6":[5,0],"7":[1,4],"8":[1,0],"9":[1,1],"10":[1,0],"11":[1,0],"12":[0,0],"13":[1,7],"14":[8,6],"15":[5,5],"16":[1,1],"17":[0,9]},"_coverageSchema":"1a1c01bbd47fc00a2c39e90264f33305004495a9","hash":"2e9eef2f14f84185ee0a79e3e25a914b98204047"}
}
