TN:
SF:src/gateway.js
FN:32,(anonymous_0)
FN:39,(anonymous_1)
FN:57,(anonymous_2)
FN:102,(anonymous_3)
FN:141,injectCoreDirective
FN:166,forwardToOpenAI
FN:167,(anonymous_6)
FN:180,(anonymous_7)
FN:182,(anonymous_8)
FN:183,(anonymous_9)
FN:201,handleStreamingRequest
FN:218,(anonymous_11)
FN:219,(anonymous_12)
FN:220,(anonymous_13)
FN:223,(anonymous_14)
FN:235,(anonymous_15)
FNF:16
FNH:14
FNDA:1,(anonymous_0)
FNDA:1,(anonymous_1)
FNDA:6,(anonymous_2)
FNDA:2,(anonymous_3)
FNDA:8,injectCoreDirective
FNDA:5,forwardToOpenAI
FNDA:5,(anonymous_6)
FNDA:4,(anonymous_7)
FNDA:4,(anonymous_8)
FNDA:4,(anonymous_9)
FNDA:1,handleStreamingRequest
FNDA:1,(anonymous_11)
FNDA:1,(anonymous_12)
FNDA:1,(anonymous_13)
FNDA:0,(anonymous_14)
FNDA:0,(anonymous_15)
DA:11,9
DA:12,9
DA:13,9
DA:15,9
DA:16,9
DA:19,9
DA:20,9
DA:21,9
DA:22,9
DA:25,9
DA:32,9
DA:33,1
DA:39,9
DA:40,1
DA:57,9
DA:58,6
DA:59,6
DA:60,1
DA:68,5
DA:71,5
DA:73,5
DA:80,5
DA:81,1
DA:85,4
DA:86,3
DA:89,1
DA:90,1
DA:102,9
DA:103,2
DA:104,2
DA:105,1
DA:113,1
DA:116,1
DA:118,1
DA:124,1
DA:125,1
DA:128,0
DA:129,0
DA:142,8
DA:148,8
DA:150,1
DA:160,7
DA:167,5
DA:168,5
DA:169,5
DA:180,5
DA:181,4
DA:182,4
DA:183,4
DA:184,4
DA:185,4
DA:187,0
DA:192,5
DA:193,5
DA:194,5
DA:202,1
DA:203,1
DA:214,1
DA:215,1
DA:216,1
DA:218,1
DA:219,1
DA:220,1
DA:223,1
DA:224,0
DA:225,0
DA:226,0
DA:229,1
DA:230,1
DA:234,9
DA:235,0
DA:236,0
DA:237,0
DA:238,0
DA:239,0
DA:243,9
LF:76
LH:65
BRDA:19,0,0,9
BRDA:19,0,1,9
BRDA:21,1,0,9
BRDA:21,1,1,9
BRDA:22,2,0,9
BRDA:22,2,1,9
BRDA:25,3,0,9
BRDA:25,3,1,9
BRDA:59,4,0,1
BRDA:59,4,1,5
BRDA:71,5,0,5
BRDA:71,5,1,1
BRDA:76,6,0,5
BRDA:76,6,1,0
BRDA:80,7,0,1
BRDA:80,7,1,4
BRDA:92,8,0,1
BRDA:92,8,1,0
BRDA:104,9,0,1
BRDA:104,9,1,1
BRDA:116,10,0,1
BRDA:116,10,1,0
BRDA:121,11,0,1
BRDA:121,11,1,0
BRDA:131,12,0,0
BRDA:131,12,1,0
BRDA:148,13,0,1
BRDA:148,13,1,7
BRDA:148,14,0,8
BRDA:148,14,1,6
BRDA:171,15,0,5
BRDA:171,15,1,5
BRDA:205,16,0,1
BRDA:205,16,1,1
BRDA:234,17,0,0
BRDA:234,17,1,9
BRF:36
BRH:29
end_of_record
